<?xml version="1.0" encoding="UTF-8"?>
<testng-results skipped="0" failed="0" ignored="0" total="1" passed="1">
  <reporter-output>
  </reporter-output>
  <suite name="Default suite" duration-ms="2535" started-at="2021-07-20T08:48:40 NZST" finished-at="2021-07-20T08:48:42 NZST">
    <groups>
    </groups>
    <test name="Default test" duration-ms="2535" started-at="2021-07-20T08:48:40 NZST" finished-at="2021-07-20T08:48:42 NZST">
      <class name="APITestTwo">
        <test-method status="PASS" signature="GetResponseCode()[pri:0, instance:APITestTwo@6895a785]" name="GetResponseCode" duration-ms="2493" started-at="2021-07-20T08:48:40 NZST" finished-at="2021-07-20T08:48:42 NZST">
          <reporter-output>
          </reporter-output>
        </test-method> <!-- GetResponseCode -->
      </class> <!-- APITestTwo -->
    </test> <!-- Default test -->
  </suite> <!-- Default suite -->
</testng-results>
